[35m[Appium][39m Welcome to Appium v1.19.0
[35m[Appium][39m Non-default server args:
[35m[Appium][39m   port: 52723
[35m[Appium][39m   loglevel: info
[35m[Appium][39m   tmpDir: C:\Users\Bri\AppData\Local\Temp\\Katalon\Appium\Temp1607264995247
[35m[Appium][39m   chromedriverPort: 52724
[35m[Appium][39m Deprecated server args:
[35m[Appium][39m   [31m--chromedriver-port[39m => --default-capabilities
[35m[Appium][39m Default capabilities, which will be added to each request unless overridden by desired capabilities:
[35m[Appium][39m   chromedriverPort: 52724
[35m[Appium][39m Appium REST http interface listener started on 0.0.0.0:52723
[35m[HTTP][39m [37m-->[39m [37mGET[39m [37m/wd/hub/status[39m
[35m[HTTP][39m [90m{}[39m
[35m[HTTP][39m [37m<-- GET /wd/hub/status [39m[32m200[39m [90m10 ms - 68[39m
[35m[HTTP][39m [90m[39m
[35m[HTTP][39m [37m-->[39m [37mGET[39m [37m/wd/hub/status[39m
[35m[HTTP][39m [90m{}[39m
[35m[HTTP][39m [37m<-- GET /wd/hub/status [39m[32m200[39m [90m3 ms - 68[39m
[35m[HTTP][39m [90m[39m
[35m[HTTP][39m [37m-->[39m [37mPOST[39m [37m/wd/hub/session[39m
[35m[HTTP][39m [90m{"desiredCapabilities":{"app":"C:\\Users\\Bri\\Downloads\\FINALPROJECTS-201016-121328\\FINAL PROJECTS\\MOBILE\\app-debug.apk","noReset":true,"deviceName":"emulator-5554 (sdk_gphone_x86_arm - Android 11)","fullReset":false,"platform":"ANDROID","newCommandTimeout":1800,"platformVersion":"11","automationName":"uiautomator2","autoGrantPermissions":true,"platformName":"Android","udid":"emulator-5554","systemPort":52739},"capabilities":{"firstMatch":[{"appium:app":"C:\\Users\\Bri\\Downloads\\FINALPROJECTS-201016-121328\\FINAL PROJECTS\\MOBILE\\app-debug.apk","appium:autoGrantPermissions":true,"appium:automationName":"uiautomator2","appium:deviceName":"emulator-5554 (sdk_gphone_x86_arm - Android 11)","appium:fullReset":false,"appium:newCommandTimeout":1800,"appium:noReset":true,"platform":"ANDROID","platformName":"android","appium:platformVersion":"11","appium:systemPort":52739,"appium:udid":"emulator-5554"}]}}[39m
[35m[BaseDriver][39m The following capabilities are not standard capabilities and should have an extension prefix:
[35m[BaseDriver][39m   platform
[35m[BaseDriver][39m   chromedriverPort
[35m[Appium][39m Appium v1.19.0 creating new AndroidUiautomator2Driver (v1.59.0) session
[35m[BaseDriver][39m The following capabilities were provided, but are not recognized by Appium:
[35m[BaseDriver][39m   platform
[35m[BaseDriver][39m Session created with session id: 45658f56-20a4-4092-b074-80f603f00e0a
[35m[BaseDriver][39m Using local app 'C:\Users\Bri\Downloads\FINALPROJECTS-201016-121328\FINAL PROJECTS\MOBILE\app-debug.apk'
[35m[ADB][39m Found 1 'build-tools' folders under 'C:\Users\Bri\.katalon\tools\android_sdk' (newest first):
[35m[ADB][39m     C:/Users/Bri/.katalon/tools/android_sdk/build-tools/29.0.3
[35m[ADB][39m Using 'adb.exe' from 'C:\Users\Bri\.katalon\tools\android_sdk\platform-tools\adb.exe'
[35m[AndroidDriver][39m Retrieving device list
[35m[AndroidDriver][39m Using device: emulator-5554
[35m[ADB][39m Using 'adb.exe' from 'C:\Users\Bri\.katalon\tools\android_sdk\platform-tools\adb.exe'
[35m[ADB][39m Getting device platform version
[35m[UiAutomator2][39m Relaxing hidden api policy
[35m[ADB][39m Package name: 'com.example.mikebanks.bankscorpfinancial'
[35m[ADB][39m Main activity name: 'com.example.mikebanks.bankscorpfinancial.LaunchActivity'
[35m[ADB][39m Using 'apksigner.jar' from 'C:\Users\Bri\.katalon\tools\android_sdk\build-tools\29.0.3\lib\apksigner.jar'
[35m[ADB][39m 'C:\Users\Bri\AppData\Roaming\npm\node_modules\appium\node_modules\appium-uiautomator2-server\apks\appium-uiautomator2-server-v4.15.0.apk' is signed with the default certificate
[35m[ADB][39m 'C:\Users\Bri\AppData\Roaming\npm\node_modules\appium\node_modules\appium-uiautomator2-server\apks\appium-uiautomator2-server-debug-androidTest.apk' is signed with the default certificate
[35m[UiAutomator2][39m Server packages are not going to be (re)installed
[35m[ADB][39m 'C:\Users\Bri\Downloads\FINALPROJECTS-201016-121328\FINAL PROJECTS\MOBILE\app-debug.apk' is signed with a non-default certificate
[35m[ADB][39m The application at 'C:\Users\Bri\Downloads\FINALPROJECTS-201016-121328\FINAL PROJECTS\MOBILE\app-debug.apk' will not be cached, because the device under test has confirmed the support of streamed installs
[35m[ADB][39m The installation of 'app-debug.apk' took 520ms
[35m[UiAutomator2][39m Starting UIAutomator2 server 4.15.0
[35m[UiAutomator2][39m Using UIAutomator2 server from 'C:\Users\Bri\AppData\Roaming\npm\node_modules\appium\node_modules\appium-uiautomator2-server\apks\appium-uiautomator2-server-v4.15.0.apk' and test from 'C:\Users\Bri\AppData\Roaming\npm\node_modules\appium\node_modules\appium-uiautomator2-server\apks\appium-uiautomator2-server-debug-androidTest.apk'
[35m[UiAutomator2][39m Waiting up to 30000ms for UiAutomator2 to be online...
[35m[WD Proxy][39m socket hang up
[35m[WD Proxy][39m socket hang up
[35m[WD Proxy][39m Determined the downstream protocol as 'W3C'
[35m[AndroidDriver][39m Screen already unlocked, doing nothing
[35m[UiAutomator2][39m Starting 'com.example.mikebanks.bankscorpfinancial/com.example.mikebanks.bankscorpfinancial.LaunchActivity and waiting for 'com.example.mikebanks.bankscorpfinancial/com.example.mikebanks.bankscorpfinancial.LaunchActivity'
[35m[Appium][39m New AndroidUiautomator2Driver session created successfully, session 45658f56-20a4-4092-b074-80f603f00e0a added to master session list
[35m[HTTP][39m [37m<-- POST /wd/hub/session [39m[32m200[39m [90m13944 ms - 1396[39m
[35m[HTTP][39m [90m[39m
[35m[HTTP][39m [37m-->[39m [37mGET[39m [37m/wd/hub/session/45658f56-20a4-4092-b074-80f603f00e0a[39m
[35m[HTTP][39m [90m{}[39m
[35m[HTTP][39m [37m<-- GET /wd/hub/session/45658f56-20a4-4092-b074-80f603f00e0a [39m[32m200[39m [90m22 ms - 1350[39m
[35m[HTTP][39m [90m[39m
[35m[HTTP][39m [37m-->[39m [37mGET[39m [37m/wd/hub/session/45658f56-20a4-4092-b074-80f603f00e0a[39m
[35m[HTTP][39m [90m{}[39m
[35m[HTTP][39m [37m<-- GET /wd/hub/session/45658f56-20a4-4092-b074-80f603f00e0a [39m[32m200[39m [90m18 ms - 1350[39m
[35m[HTTP][39m [90m[39m
[35m[HTTP][39m [37m-->[39m [37mGET[39m [37m/wd/hub/status[39m
[35m[HTTP][39m [90m{}[39m
[35m[HTTP][39m [37m<-- GET /wd/hub/status [39m[32m200[39m [90m2 ms - 68[39m
[35m[HTTP][39m [90m[39m
[35m[HTTP][39m [37m-->[39m [37mPOST[39m [37m/wd/hub/session/45658f56-20a4-4092-b074-80f603f00e0a/timeouts[39m
[35m[HTTP][39m [90m{"implicit":60000}[39m
[35m[HTTP][39m [37m<-- POST /wd/hub/session/45658f56-20a4-4092-b074-80f603f00e0a/timeouts [39m[32m200[39m [90m5 ms - 14[39m
[35m[HTTP][39m [90m[39m
[35m[HTTP][39m [37m-->[39m [37mGET[39m [37m/wd/hub/session/45658f56-20a4-4092-b074-80f603f00e0a/source[39m
[35m[HTTP][39m [90m{}[39m
[35m[W3C (45658f56)][39m Driver proxy active, passing request on via HTTP proxy
[35m[WD Proxy][39m Replacing sessionId 94129f15-5139-4e91-bd89-c57e2b9ea32d with 45658f56-20a4-4092-b074-80f603f00e0a
[35m[HTTP][39m [37m<-- GET /wd/hub/session/45658f56-20a4-4092-b074-80f603f00e0a/source [39m[32m200[39m [90m232 ms - 10623[39m
[35m[HTTP][39m [90m[39m
[35m[HTTP][39m [37m-->[39m [37mGET[39m [37m/wd/hub/session/45658f56-20a4-4092-b074-80f603f00e0a/screenshot[39m
[35m[HTTP][39m [90m{}[39m
[35m[HTTP][39m [37m<-- GET /wd/hub/session/45658f56-20a4-4092-b074-80f603f00e0a/screenshot [39m[32m200[39m [90m471 ms - 98966[39m
[35m[HTTP][39m [90m[39m
[35m[HTTP][39m [37m-->[39m [37mPOST[39m [37m/wd/hub/session/45658f56-20a4-4092-b074-80f603f00e0a/elements[39m
[35m[HTTP][39m [90m{"using":"id","value":"com.example.mikebanks.bankscorpfinancial:id/edt_username"}[39m
[35m[HTTP][39m [37m<-- POST /wd/hub/session/45658f56-20a4-4092-b074-80f603f00e0a/elements [39m[32m200[39m [90m83 ms - 139[39m
[35m[HTTP][39m [90m[39m
[35m[HTTP][39m [37m-->[39m [37mGET[39m [37m/wd/hub/session/45658f56-20a4-4092-b074-80f603f00e0a/window/rect[39m
[35m[HTTP][39m [90m{}[39m
[35m[HTTP][39m [37m<-- GET /wd/hub/session/45658f56-20a4-4092-b074-80f603f00e0a/window/rect [39m[32m200[39m [90m30 ms - 50[39m
[35m[HTTP][39m [90m[39m
[35m[HTTP][39m [37m-->[39m [37mPOST[39m [37m/wd/hub/session/45658f56-20a4-4092-b074-80f603f00e0a/elements[39m
[35m[HTTP][39m [90m{"using":"id","value":"com.example.mikebanks.bankscorpfinancial:id/edt_username"}[39m
[35m[HTTP][39m [37m<-- POST /wd/hub/session/45658f56-20a4-4092-b074-80f603f00e0a/elements [39m[32m200[39m [90m46 ms - 139[39m
[35m[HTTP][39m [90m[39m
[35m[HTTP][39m [37m-->[39m [37mGET[39m [37m/wd/hub/session/45658f56-20a4-4092-b074-80f603f00e0a/element/7747772b-24a5-4fc0-ab36-c592faf74a9d/location[39m
[35m[HTTP][39m [90m{}[39m
[35m[W3C (45658f56)][39m Driver proxy active, passing request on via HTTP proxy
[35m[WD Proxy][39m Replacing sessionId 94129f15-5139-4e91-bd89-c57e2b9ea32d with 45658f56-20a4-4092-b074-80f603f00e0a
[35m[HTTP][39m [37m<-- GET /wd/hub/session/45658f56-20a4-4092-b074-80f603f00e0a/element/7747772b-24a5-4fc0-ab36-c592faf74a9d/location [39m[32m200[39m [90m36 ms - 78[39m
[35m[HTTP][39m [90m[39m
[35m[HTTP][39m [37m-->[39m [37mPOST[39m [37m/wd/hub/session/45658f56-20a4-4092-b074-80f603f00e0a/element/7747772b-24a5-4fc0-ab36-c592faf74a9d/clear[39m
[35m[HTTP][39m [90m{"id":"7747772b-24a5-4fc0-ab36-c592faf74a9d"}[39m
[35m[HTTP][39m [37m<-- POST /wd/hub/session/45658f56-20a4-4092-b074-80f603f00e0a/element/7747772b-24a5-4fc0-ab36-c592faf74a9d/clear [39m[32m200[39m [90m38 ms - 14[39m
[35m[HTTP][39m [90m[39m
[35m[HTTP][39m [37m-->[39m [37mPOST[39m [37m/wd/hub/session/45658f56-20a4-4092-b074-80f603f00e0a/element/7747772b-24a5-4fc0-ab36-c592faf74a9d/value[39m
[35m[HTTP][39m [90m{"id":"7747772b-24a5-4fc0-ab36-c592faf74a9d","text":"sissysorayaa","value":["s","i","s","s","y","s","o","r","a","y","a","a"]}[39m
[35m[HTTP][39m [37m<-- POST /wd/hub/session/45658f56-20a4-4092-b074-80f603f00e0a/element/7747772b-24a5-4fc0-ab36-c592faf74a9d/value [39m[32m200[39m [90m565 ms - 14[39m
[35m[HTTP][39m [90m[39m
[35m[HTTP][39m [37m-->[39m [37mGET[39m [37m/wd/hub/session/45658f56-20a4-4092-b074-80f603f00e0a/source[39m
[35m[HTTP][39m [90m{}[39m
[35m[W3C (45658f56)][39m Driver proxy active, passing request on via HTTP proxy
[35m[WD Proxy][39m Replacing sessionId 94129f15-5139-4e91-bd89-c57e2b9ea32d with 45658f56-20a4-4092-b074-80f603f00e0a
[35m[HTTP][39m [37m<-- GET /wd/hub/session/45658f56-20a4-4092-b074-80f603f00e0a/source [39m[32m200[39m [90m127 ms - 10627[39m
[35m[HTTP][39m [90m[39m
[35m[HTTP][39m [37m-->[39m [37mGET[39m [37m/wd/hub/session/45658f56-20a4-4092-b074-80f603f00e0a/screenshot[39m
[35m[HTTP][39m [90m{}[39m
[35m[HTTP][39m [37m<-- GET /wd/hub/session/45658f56-20a4-4092-b074-80f603f00e0a/screenshot [39m[32m200[39m [90m441 ms - 99918[39m
[35m[HTTP][39m [90m[39m
[35m[HTTP][39m [37m-->[39m [37mPOST[39m [37m/wd/hub/session/45658f56-20a4-4092-b074-80f603f00e0a/elements[39m
[35m[HTTP][39m [90m{"using":"id","value":"com.example.mikebanks.bankscorpfinancial:id/edt_password"}[39m
[35m[HTTP][39m [37m<-- POST /wd/hub/session/45658f56-20a4-4092-b074-80f603f00e0a/elements [39m[32m200[39m [90m47 ms - 139[39m
[35m[HTTP][39m [90m[39m
[35m[HTTP][39m [37m-->[39m [37mGET[39m [37m/wd/hub/session/45658f56-20a4-4092-b074-80f603f00e0a/window/rect[39m
[35m[HTTP][39m [90m{}[39m
[35m[HTTP][39m [37m<-- GET /wd/hub/session/45658f56-20a4-4092-b074-80f603f00e0a/window/rect [39m[32m200[39m [90m25 ms - 50[39m
[35m[HTTP][39m [90m[39m
[35m[HTTP][39m [37m-->[39m [37mPOST[39m [37m/wd/hub/session/45658f56-20a4-4092-b074-80f603f00e0a/elements[39m
[35m[HTTP][39m [90m{"using":"id","value":"com.example.mikebanks.bankscorpfinancial:id/edt_password"}[39m
[35m[HTTP][39m [37m<-- POST /wd/hub/session/45658f56-20a4-4092-b074-80f603f00e0a/elements [39m[32m200[39m [90m41 ms - 139[39m
[35m[HTTP][39m [90m[39m
[35m[HTTP][39m [37m-->[39m [37mGET[39m [37m/wd/hub/session/45658f56-20a4-4092-b074-80f603f00e0a/element/5a4244d4-1af7-497b-afba-f2da3cd423cd/location[39m
[35m[HTTP][39m [90m{}[39m
[35m[W3C (45658f56)][39m Driver proxy active, passing request on via HTTP proxy
[35m[WD Proxy][39m Replacing sessionId 94129f15-5139-4e91-bd89-c57e2b9ea32d with 45658f56-20a4-4092-b074-80f603f00e0a
[35m[HTTP][39m [37m<-- GET /wd/hub/session/45658f56-20a4-4092-b074-80f603f00e0a/element/5a4244d4-1af7-497b-afba-f2da3cd423cd/location [39m[32m200[39m [90m23 ms - 78[39m
[35m[HTTP][39m [90m[39m
[35m[HTTP][39m [37m-->[39m [37mPOST[39m [37m/wd/hub/session/45658f56-20a4-4092-b074-80f603f00e0a/element/5a4244d4-1af7-497b-afba-f2da3cd423cd/clear[39m
[35m[HTTP][39m [90m{"id":"5a4244d4-1af7-497b-afba-f2da3cd423cd"}[39m
[35m[HTTP][39m [37m<-- POST /wd/hub/session/45658f56-20a4-4092-b074-80f603f00e0a/element/5a4244d4-1af7-497b-afba-f2da3cd423cd/clear [39m[32m200[39m [90m26 ms - 14[39m
[35m[HTTP][39m [90m[39m
[35m[HTTP][39m [37m-->[39m [37mPOST[39m [37m/wd/hub/session/45658f56-20a4-4092-b074-80f603f00e0a/element/5a4244d4-1af7-497b-afba-f2da3cd423cd/value[39m
[35m[HTTP][39m [90m{"id":"5a4244d4-1af7-497b-afba-f2da3cd423cd","text":"sisorjedar10","value":["s","i","s","o","r","j","e","d","a","r","1","0"]}[39m
[35m[HTTP][39m [37m<-- POST /wd/hub/session/45658f56-20a4-4092-b074-80f603f00e0a/element/5a4244d4-1af7-497b-afba-f2da3cd423cd/value [39m[32m200[39m [90m1062 ms - 14[39m
[35m[HTTP][39m [90m[39m
[35m[HTTP][39m [37m-->[39m [37mGET[39m [37m/wd/hub/session/45658f56-20a4-4092-b074-80f603f00e0a/source[39m
[35m[HTTP][39m [90m{}[39m
[35m[W3C (45658f56)][39m Driver proxy active, passing request on via HTTP proxy
[35m[WD Proxy][39m Replacing sessionId 94129f15-5139-4e91-bd89-c57e2b9ea32d with 45658f56-20a4-4092-b074-80f603f00e0a
[35m[HTTP][39m [37m<-- GET /wd/hub/session/45658f56-20a4-4092-b074-80f603f00e0a/source [39m[32m200[39m [90m95 ms - 10655[39m
[35m[HTTP][39m [90m[39m
[35m[HTTP][39m [37m-->[39m [37mGET[39m [37m/wd/hub/session/45658f56-20a4-4092-b074-80f603f00e0a/screenshot[39m
[35m[HTTP][39m [90m{}[39m
[35m[HTTP][39m [37m<-- GET /wd/hub/session/45658f56-20a4-4092-b074-80f603f00e0a/screenshot [39m[32m200[39m [90m434 ms - 93034[39m
[35m[HTTP][39m [90m[39m
[35m[HTTP][39m [37m-->[39m [37mPOST[39m [37m/wd/hub/session/45658f56-20a4-4092-b074-80f603f00e0a/elements[39m
[35m[HTTP][39m [90m{"using":"id","value":"com.example.mikebanks.bankscorpfinancial:id/btn_login"}[39m
[35m[HTTP][39m [37m<-- POST /wd/hub/session/45658f56-20a4-4092-b074-80f603f00e0a/elements [39m[32m200[39m [90m41 ms - 139[39m
[35m[HTTP][39m [90m[39m
[35m[HTTP][39m [37m-->[39m [37mGET[39m [37m/wd/hub/session/45658f56-20a4-4092-b074-80f603f00e0a/window/rect[39m
[35m[HTTP][39m [90m{}[39m
[35m[HTTP][39m [37m<-- GET /wd/hub/session/45658f56-20a4-4092-b074-80f603f00e0a/window/rect [39m[32m200[39m [90m14 ms - 50[39m
[35m[HTTP][39m [90m[39m
[35m[HTTP][39m [37m-->[39m [37mPOST[39m [37m/wd/hub/session/45658f56-20a4-4092-b074-80f603f00e0a/elements[39m
[35m[HTTP][39m [90m{"using":"id","value":"com.example.mikebanks.bankscorpfinancial:id/btn_login"}[39m
[35m[HTTP][39m [37m<-- POST /wd/hub/session/45658f56-20a4-4092-b074-80f603f00e0a/elements [39m[32m200[39m [90m36 ms - 139[39m
[35m[HTTP][39m [90m[39m
[35m[HTTP][39m [37m-->[39m [37mGET[39m [37m/wd/hub/session/45658f56-20a4-4092-b074-80f603f00e0a/element/b9c698d8-5883-48ef-b3ab-c859737e3bd2/location[39m
[35m[HTTP][39m [90m{}[39m
[35m[W3C (45658f56)][39m Driver proxy active, passing request on via HTTP proxy
[35m[WD Proxy][39m Replacing sessionId 94129f15-5139-4e91-bd89-c57e2b9ea32d with 45658f56-20a4-4092-b074-80f603f00e0a
[35m[HTTP][39m [37m<-- GET /wd/hub/session/45658f56-20a4-4092-b074-80f603f00e0a/element/b9c698d8-5883-48ef-b3ab-c859737e3bd2/location [39m[32m200[39m [90m28 ms - 78[39m
[35m[HTTP][39m [90m[39m
[35m[HTTP][39m [37m-->[39m [37mPOST[39m [37m/wd/hub/session/45658f56-20a4-4092-b074-80f603f00e0a/touch/perform[39m
[35m[HTTP][39m [90m{"actions":[{"action":"tap","options":{"x":1,"y":1,"element":"b9c698d8-5883-48ef-b3ab-c859737e3bd2"}}]}[39m
[35m[UiAutomator2][39m calling get location: b9c698d8-5883-48ef-b3ab-c859737e3bd2
[35m[HTTP][39m [37m<-- POST /wd/hub/session/45658f56-20a4-4092-b074-80f603f00e0a/touch/perform [39m[32m200[39m [90m249 ms - 14[39m
[35m[HTTP][39m [90m[39m
[35m[HTTP][39m [37m-->[39m [37mGET[39m [37m/wd/hub/session/45658f56-20a4-4092-b074-80f603f00e0a/source[39m
[35m[HTTP][39m [90m{}[39m
[35m[W3C (45658f56)][39m Driver proxy active, passing request on via HTTP proxy
[35m[WD Proxy][39m Replacing sessionId 94129f15-5139-4e91-bd89-c57e2b9ea32d with 45658f56-20a4-4092-b074-80f603f00e0a
[35m[HTTP][39m [37m<-- GET /wd/hub/session/45658f56-20a4-4092-b074-80f603f00e0a/source [39m[32m200[39m [90m248 ms - 11040[39m
[35m[HTTP][39m [90m[39m
[35m[HTTP][39m [37m-->[39m [37mGET[39m [37m/wd/hub/session/45658f56-20a4-4092-b074-80f603f00e0a/screenshot[39m
[35m[HTTP][39m [90m{}[39m
[35m[HTTP][39m [37m<-- GET /wd/hub/session/45658f56-20a4-4092-b074-80f603f00e0a/screenshot [39m[32m200[39m [90m437 ms - 106244[39m
[35m[HTTP][39m [90m[39m
[35m[HTTP][39m [37m-->[39m [37mGET[39m [37m/wd/hub/session/45658f56-20a4-4092-b074-80f603f00e0a/source[39m
[35m[HTTP][39m [90m{}[39m
[35m[W3C (45658f56)][39m Driver proxy active, passing request on via HTTP proxy
[35m[WD Proxy][39m Replacing sessionId 94129f15-5139-4e91-bd89-c57e2b9ea32d with 45658f56-20a4-4092-b074-80f603f00e0a
[35m[HTTP][39m [37m<-- GET /wd/hub/session/45658f56-20a4-4092-b074-80f603f00e0a/source [39m[32m200[39m [90m128 ms - 10776[39m
[35m[HTTP][39m [90m[39m
[35m[HTTP][39m [37m-->[39m [37mGET[39m [37m/wd/hub/session/45658f56-20a4-4092-b074-80f603f00e0a/screenshot[39m
[35m[HTTP][39m [90m{}[39m
[35m[HTTP][39m [37m<-- GET /wd/hub/session/45658f56-20a4-4092-b074-80f603f00e0a/screenshot [39m[32m200[39m [90m446 ms - 146886[39m
[35m[HTTP][39m [90m[39m
[35m[HTTP][39m [37m-->[39m [37mPOST[39m [37m/wd/hub/session/45658f56-20a4-4092-b074-80f603f00e0a/elements[39m
[35m[HTTP][39m [90m{"using":"accessibility id","value":"Open navigation drawer"}[39m
[35m[HTTP][39m [37m<-- POST /wd/hub/session/45658f56-20a4-4092-b074-80f603f00e0a/elements [39m[32m200[39m [90m35 ms - 139[39m
[35m[HTTP][39m [90m[39m
[35m[HTTP][39m [37m-->[39m [37mGET[39m [37m/wd/hub/session/45658f56-20a4-4092-b074-80f603f00e0a/window/rect[39m
[35m[HTTP][39m [90m{}[39m
[35m[HTTP][39m [37m<-- GET /wd/hub/session/45658f56-20a4-4092-b074-80f603f00e0a/window/rect [39m[32m200[39m [90m16 ms - 50[39m
[35m[HTTP][39m [90m[39m
[35m[HTTP][39m [37m-->[39m [37mPOST[39m [37m/wd/hub/session/45658f56-20a4-4092-b074-80f603f00e0a/elements[39m
[35m[HTTP][39m [90m{"using":"accessibility id","value":"Open navigation drawer"}[39m
[35m[HTTP][39m [37m<-- POST /wd/hub/session/45658f56-20a4-4092-b074-80f603f00e0a/elements [39m[32m200[39m [90m32 ms - 139[39m
[35m[HTTP][39m [90m[39m
[35m[HTTP][39m [37m-->[39m [37mGET[39m [37m/wd/hub/session/45658f56-20a4-4092-b074-80f603f00e0a/element/6b36a3a5-cccb-4e74-bef7-98dd6df61394/location[39m
[35m[HTTP][39m [90m{}[39m
[35m[W3C (45658f56)][39m Driver proxy active, passing request on via HTTP proxy
[35m[WD Proxy][39m Replacing sessionId 94129f15-5139-4e91-bd89-c57e2b9ea32d with 45658f56-20a4-4092-b074-80f603f00e0a
[35m[HTTP][39m [37m<-- GET /wd/hub/session/45658f56-20a4-4092-b074-80f603f00e0a/element/6b36a3a5-cccb-4e74-bef7-98dd6df61394/location [39m[32m200[39m [90m22 ms - 75[39m
[35m[HTTP][39m [90m[39m
[35m[HTTP][39m [37m-->[39m [37mPOST[39m [37m/wd/hub/session/45658f56-20a4-4092-b074-80f603f00e0a/touch/perform[39m
[35m[HTTP][39m [90m{"actions":[{"action":"tap","options":{"x":1,"y":1,"element":"6b36a3a5-cccb-4e74-bef7-98dd6df61394"}}]}[39m
[35m[UiAutomator2][39m calling get location: 6b36a3a5-cccb-4e74-bef7-98dd6df61394
[35m[HTTP][39m [37m<-- POST /wd/hub/session/45658f56-20a4-4092-b074-80f603f00e0a/touch/perform [39m[32m200[39m [90m206 ms - 14[39m
[35m[HTTP][39m [90m[39m
[35m[HTTP][39m [37m-->[39m [37mGET[39m [37m/wd/hub/session/45658f56-20a4-4092-b074-80f603f00e0a/source[39m
[35m[HTTP][39m [90m{}[39m
[35m[W3C (45658f56)][39m Driver proxy active, passing request on via HTTP proxy
[35m[WD Proxy][39m Replacing sessionId 94129f15-5139-4e91-bd89-c57e2b9ea32d with 45658f56-20a4-4092-b074-80f603f00e0a
[35m[HTTP][39m [37m<-- GET /wd/hub/session/45658f56-20a4-4092-b074-80f603f00e0a/source [39m[32m200[39m [90m400 ms - 24044[39m
[35m[HTTP][39m [90m[39m
[35m[HTTP][39m [37m-->[39m [37mGET[39m [37m/wd/hub/session/45658f56-20a4-4092-b074-80f603f00e0a/screenshot[39m
[35m[HTTP][39m [90m{}[39m
[35m[HTTP][39m [37m<-- GET /wd/hub/session/45658f56-20a4-4092-b074-80f603f00e0a/screenshot [39m[32m200[39m [90m506 ms - 289158[39m
[35m[HTTP][39m [90m[39m
[35m[HTTP][39m [37m-->[39m [37mPOST[39m [37m/wd/hub/session/45658f56-20a4-4092-b074-80f603f00e0a/elements[39m
[35m[HTTP][39m [90m{"using":"-android uiautomator","value":"new UiSelector().className(\"android.support.v7.widget.LinearLayoutCompat\").packageName(\"com.example.mikebanks.bankscorpfinancial\").enabled(true).clickable(true).longClickable(false).checkable(false).checked(false).focusable(true).focused(false).scrollable(false).selected(false).index(2)"}[39m
[35m[HTTP][39m [37m<-- POST /wd/hub/session/45658f56-20a4-4092-b074-80f603f00e0a/elements [39m[32m200[39m [90m108 ms - 139[39m
[35m[HTTP][39m [90m[39m
[35m[HTTP][39m [37m-->[39m [37mGET[39m [37m/wd/hub/session/45658f56-20a4-4092-b074-80f603f00e0a/window/rect[39m
[35m[HTTP][39m [90m{}[39m
[35m[HTTP][39m [37m<-- GET /wd/hub/session/45658f56-20a4-4092-b074-80f603f00e0a/window/rect [39m[32m200[39m [90m16 ms - 50[39m
[35m[HTTP][39m [90m[39m
[35m[HTTP][39m [37m-->[39m [37mPOST[39m [37m/wd/hub/session/45658f56-20a4-4092-b074-80f603f00e0a/elements[39m
[35m[HTTP][39m [90m{"using":"-android uiautomator","value":"new UiSelector().className(\"android.support.v7.widget.LinearLayoutCompat\").packageName(\"com.example.mikebanks.bankscorpfinancial\").enabled(true).clickable(true).longClickable(false).checkable(false).checked(false).focusable(true).focused(false).scrollable(false).selected(false).index(2)"}[39m
[35m[HTTP][39m [37m<-- POST /wd/hub/session/45658f56-20a4-4092-b074-80f603f00e0a/elements [39m[32m200[39m [90m75 ms - 139[39m
[35m[HTTP][39m [90m[39m
[35m[HTTP][39m [37m-->[39m [37mGET[39m [37m/wd/hub/session/45658f56-20a4-4092-b074-80f603f00e0a/element/8a7aecc0-cb69-4a8d-a965-eb20b4f12017/location[39m
[35m[HTTP][39m [90m{}[39m
[35m[W3C (45658f56)][39m Driver proxy active, passing request on via HTTP proxy
[35m[WD Proxy][39m Replacing sessionId 94129f15-5139-4e91-bd89-c57e2b9ea32d with 45658f56-20a4-4092-b074-80f603f00e0a
[35m[HTTP][39m [37m<-- GET /wd/hub/session/45658f56-20a4-4092-b074-80f603f00e0a/element/8a7aecc0-cb69-4a8d-a965-eb20b4f12017/location [39m[32m200[39m [90m43 ms - 76[39m
[35m[HTTP][39m [90m[39m
[35m[HTTP][39m [37m-->[39m [37mPOST[39m [37m/wd/hub/session/45658f56-20a4-4092-b074-80f603f00e0a/touch/perform[39m
[35m[HTTP][39m [90m{"actions":[{"action":"tap","options":{"x":1,"y":1,"element":"8a7aecc0-cb69-4a8d-a965-eb20b4f12017"}}]}[39m
[35m[UiAutomator2][39m calling get location: 8a7aecc0-cb69-4a8d-a965-eb20b4f12017
[35m[HTTP][39m [37m<-- POST /wd/hub/session/45658f56-20a4-4092-b074-80f603f00e0a/touch/perform [39m[32m200[39m [90m227 ms - 14[39m
[35m[HTTP][39m [90m[39m
[35m[HTTP][39m [37m-->[39m [37mGET[39m [37m/wd/hub/session/45658f56-20a4-4092-b074-80f603f00e0a/source[39m
[35m[HTTP][39m [90m{}[39m
[35m[W3C (45658f56)][39m Driver proxy active, passing request on via HTTP proxy
[35m[WD Proxy][39m Replacing sessionId 94129f15-5139-4e91-bd89-c57e2b9ea32d with 45658f56-20a4-4092-b074-80f603f00e0a
[35m[HTTP][39m [37m<-- GET /wd/hub/session/45658f56-20a4-4092-b074-80f603f00e0a/source [39m[32m200[39m [90m538 ms - 9733[39m
[35m[HTTP][39m [90m[39m
[35m[HTTP][39m [37m-->[39m [37mGET[39m [37m/wd/hub/session/45658f56-20a4-4092-b074-80f603f00e0a/screenshot[39m
[35m[HTTP][39m [90m{}[39m
[35m[HTTP][39m [37m<-- GET /wd/hub/session/45658f56-20a4-4092-b074-80f603f00e0a/screenshot [39m[32m200[39m [90m426 ms - 75698[39m
[35m[HTTP][39m [90m[39m
[35m[HTTP][39m [37m-->[39m [37mPOST[39m [37m/wd/hub/session/45658f56-20a4-4092-b074-80f603f00e0a/elements[39m
[35m[HTTP][39m [90m{"using":"id","value":"com.example.mikebanks.bankscorpfinancial:id/floating_action_btn"}[39m
[35m[HTTP][39m [37m<-- POST /wd/hub/session/45658f56-20a4-4092-b074-80f603f00e0a/elements [39m[32m200[39m [90m30 ms - 139[39m
[35m[HTTP][39m [90m[39m
[35m[HTTP][39m [37m-->[39m [37mGET[39m [37m/wd/hub/session/45658f56-20a4-4092-b074-80f603f00e0a/window/rect[39m
[35m[HTTP][39m [90m{}[39m
[35m[HTTP][39m [37m<-- GET /wd/hub/session/45658f56-20a4-4092-b074-80f603f00e0a/window/rect [39m[32m200[39m [90m11 ms - 50[39m
[35m[HTTP][39m [90m[39m
[35m[HTTP][39m [37m-->[39m [37mPOST[39m [37m/wd/hub/session/45658f56-20a4-4092-b074-80f603f00e0a/elements[39m
[35m[HTTP][39m [90m{"using":"id","value":"com.example.mikebanks.bankscorpfinancial:id/floating_action_btn"}[39m
[35m[HTTP][39m [37m<-- POST /wd/hub/session/45658f56-20a4-4092-b074-80f603f00e0a/elements [39m[32m200[39m [90m27 ms - 139[39m
[35m[HTTP][39m [90m[39m
[35m[HTTP][39m [37m-->[39m [37mGET[39m [37m/wd/hub/session/45658f56-20a4-4092-b074-80f603f00e0a/element/03cf42a5-16c7-49d7-9daa-8966d601b133/location[39m
[35m[HTTP][39m [90m{}[39m
[35m[W3C (45658f56)][39m Driver proxy active, passing request on via HTTP proxy
[35m[WD Proxy][39m Replacing sessionId 94129f15-5139-4e91-bd89-c57e2b9ea32d with 45658f56-20a4-4092-b074-80f603f00e0a
[35m[HTTP][39m [37m<-- GET /wd/hub/session/45658f56-20a4-4092-b074-80f603f00e0a/element/03cf42a5-16c7-49d7-9daa-8966d601b133/location [39m[32m200[39m [90m25 ms - 79[39m
[35m[HTTP][39m [90m[39m
[35m[HTTP][39m [37m-->[39m [37mPOST[39m [37m/wd/hub/session/45658f56-20a4-4092-b074-80f603f00e0a/touch/perform[39m
[35m[HTTP][39m [90m{"actions":[{"action":"tap","options":{"x":1,"y":1,"element":"03cf42a5-16c7-49d7-9daa-8966d601b133"}}]}[39m
[35m[UiAutomator2][39m calling get location: 03cf42a5-16c7-49d7-9daa-8966d601b133
[35m[HTTP][39m [37m<-- POST /wd/hub/session/45658f56-20a4-4092-b074-80f603f00e0a/touch/perform [39m[32m200[39m [90m245 ms - 14[39m
[35m[HTTP][39m [90m[39m
[35m[HTTP][39m [37m-->[39m [37mGET[39m [37m/wd/hub/session/45658f56-20a4-4092-b074-80f603f00e0a/source[39m
[35m[HTTP][39m [90m{}[39m
[35m[W3C (45658f56)][39m Driver proxy active, passing request on via HTTP proxy
[35m[WD Proxy][39m Replacing sessionId 94129f15-5139-4e91-bd89-c57e2b9ea32d with 45658f56-20a4-4092-b074-80f603f00e0a
[35m[HTTP][39m [37m<-- GET /wd/hub/session/45658f56-20a4-4092-b074-80f603f00e0a/source [39m[32m200[39m [90m891 ms - 4380[39m
[35m[HTTP][39m [90m[39m
[35m[HTTP][39m [37m-->[39m [37mGET[39m [37m/wd/hub/session/45658f56-20a4-4092-b074-80f603f00e0a/screenshot[39m
[35m[HTTP][39m [90m{}[39m
[35m[HTTP][39m [37m<-- GET /wd/hub/session/45658f56-20a4-4092-b074-80f603f00e0a/screenshot [39m[32m200[39m [90m439 ms - 184586[39m
[35m[HTTP][39m [90m[39m
[35m[HTTP][39m [37m-->[39m [37mPOST[39m [37m/wd/hub/session/45658f56-20a4-4092-b074-80f603f00e0a/elements[39m
[35m[HTTP][39m [90m{"using":"id","value":"com.example.mikebanks.bankscorpfinancial:id/edt_payee_name"}[39m
[35m[HTTP][39m [37m<-- POST /wd/hub/session/45658f56-20a4-4092-b074-80f603f00e0a/elements [39m[32m200[39m [90m553 ms - 139[39m
[35m[HTTP][39m [90m[39m
[35m[HTTP][39m [37m-->[39m [37mGET[39m [37m/wd/hub/session/45658f56-20a4-4092-b074-80f603f00e0a/window/rect[39m
[35m[HTTP][39m [90m{}[39m
[35m[HTTP][39m [37m<-- GET /wd/hub/session/45658f56-20a4-4092-b074-80f603f00e0a/window/rect [39m[32m200[39m [90m15 ms - 50[39m
[35m[HTTP][39m [90m[39m
[35m[HTTP][39m [37m-->[39m [37mPOST[39m [37m/wd/hub/session/45658f56-20a4-4092-b074-80f603f00e0a/elements[39m
[35m[HTTP][39m [90m{"using":"id","value":"com.example.mikebanks.bankscorpfinancial:id/edt_payee_name"}[39m
[35m[HTTP][39m [37m<-- POST /wd/hub/session/45658f56-20a4-4092-b074-80f603f00e0a/elements [39m[32m200[39m [90m27 ms - 139[39m
[35m[HTTP][39m [90m[39m
[35m[HTTP][39m [37m-->[39m [37mGET[39m [37m/wd/hub/session/45658f56-20a4-4092-b074-80f603f00e0a/element/64b4b999-5b21-4bbd-a0ce-51f9963ff014/location[39m
[35m[HTTP][39m [90m{}[39m
[35m[W3C (45658f56)][39m Driver proxy active, passing request on via HTTP proxy
[35m[WD Proxy][39m Replacing sessionId 94129f15-5139-4e91-bd89-c57e2b9ea32d with 45658f56-20a4-4092-b074-80f603f00e0a
[35m[HTTP][39m [37m<-- GET /wd/hub/session/45658f56-20a4-4092-b074-80f603f00e0a/element/64b4b999-5b21-4bbd-a0ce-51f9963ff014/location [39m[32m200[39m [90m26 ms - 78[39m
[35m[HTTP][39m [90m[39m
[35m[HTTP][39m [37m-->[39m [37mPOST[39m [37m/wd/hub/session/45658f56-20a4-4092-b074-80f603f00e0a/element/64b4b999-5b21-4bbd-a0ce-51f9963ff014/clear[39m
[35m[HTTP][39m [90m{"id":"64b4b999-5b21-4bbd-a0ce-51f9963ff014"}[39m
[35m[HTTP][39m [37m<-- POST /wd/hub/session/45658f56-20a4-4092-b074-80f603f00e0a/element/64b4b999-5b21-4bbd-a0ce-51f9963ff014/clear [39m[32m200[39m [90m36 ms - 14[39m
[35m[HTTP][39m [90m[39m
[35m[HTTP][39m [37m-->[39m [37mPOST[39m [37m/wd/hub/session/45658f56-20a4-4092-b074-80f603f00e0a/element/64b4b999-5b21-4bbd-a0ce-51f9963ff014/value[39m
[35m[HTTP][39m [90m{"id":"64b4b999-5b21-4bbd-a0ce-51f9963ff014","text":"sissysor","value":["s","i","s","s","y","s","o","r"]}[39m
[35m[HTTP][39m [37m<-- POST /wd/hub/session/45658f56-20a4-4092-b074-80f603f00e0a/element/64b4b999-5b21-4bbd-a0ce-51f9963ff014/value [39m[32m200[39m [90m1433 ms - 14[39m
[35m[HTTP][39m [90m[39m
[35m[HTTP][39m [37m-->[39m [37mGET[39m [37m/wd/hub/session/45658f56-20a4-4092-b074-80f603f00e0a/source[39m
[35m[HTTP][39m [90m{}[39m
[35m[W3C (45658f56)][39m Driver proxy active, passing request on via HTTP proxy
[35m[WD Proxy][39m Replacing sessionId 94129f15-5139-4e91-bd89-c57e2b9ea32d with 45658f56-20a4-4092-b074-80f603f00e0a
[35m[HTTP][39m [37m<-- GET /wd/hub/session/45658f56-20a4-4092-b074-80f603f00e0a/source [39m[32m200[39m [90m426 ms - 4376[39m
[35m[HTTP][39m [90m[39m
[35m[HTTP][39m [37m-->[39m [37mGET[39m [37m/wd/hub/session/45658f56-20a4-4092-b074-80f603f00e0a/screenshot[39m
[35m[HTTP][39m [90m{}[39m
[35m[HTTP][39m [37m<-- GET /wd/hub/session/45658f56-20a4-4092-b074-80f603f00e0a/screenshot [39m[32m200[39m [90m832 ms - 183830[39m
[35m[HTTP][39m [90m[39m
[35m[HTTP][39m [37m-->[39m [37mPOST[39m [37m/wd/hub/session/45658f56-20a4-4092-b074-80f603f00e0a/elements[39m
[35m[HTTP][39m [90m{"using":"id","value":"com.example.mikebanks.bankscorpfinancial:id/edt_init_bal"}[39m
[35m[HTTP][39m [37m<-- POST /wd/hub/session/45658f56-20a4-4092-b074-80f603f00e0a/elements [39m[32m200[39m [90m30 ms - 139[39m
[35m[HTTP][39m [90m[39m
[35m[HTTP][39m [37m-->[39m [37mGET[39m [37m/wd/hub/session/45658f56-20a4-4092-b074-80f603f00e0a/window/rect[39m
[35m[HTTP][39m [90m{}[39m
[35m[HTTP][39m [37m<-- GET /wd/hub/session/45658f56-20a4-4092-b074-80f603f00e0a/window/rect [39m[32m200[39m [90m15 ms - 50[39m
[35m[HTTP][39m [90m[39m
[35m[HTTP][39m [37m-->[39m [37mPOST[39m [37m/wd/hub/session/45658f56-20a4-4092-b074-80f603f00e0a/elements[39m
[35m[HTTP][39m [90m{"using":"id","value":"com.example.mikebanks.bankscorpfinancial:id/edt_init_bal"}[39m
[35m[HTTP][39m [37m<-- POST /wd/hub/session/45658f56-20a4-4092-b074-80f603f00e0a/elements [39m[32m200[39m [90m32 ms - 139[39m
[35m[HTTP][39m [90m[39m
[35m[HTTP][39m [37m-->[39m [37mGET[39m [37m/wd/hub/session/45658f56-20a4-4092-b074-80f603f00e0a/element/c493ea89-db9c-4bcc-bb08-ea4ec8fd0a8b/location[39m
[35m[HTTP][39m [90m{}[39m
[35m[W3C (45658f56)][39m Driver proxy active, passing request on via HTTP proxy
[35m[WD Proxy][39m Replacing sessionId 94129f15-5139-4e91-bd89-c57e2b9ea32d with 45658f56-20a4-4092-b074-80f603f00e0a
[35m[HTTP][39m [37m<-- GET /wd/hub/session/45658f56-20a4-4092-b074-80f603f00e0a/element/c493ea89-db9c-4bcc-bb08-ea4ec8fd0a8b/location [39m[32m200[39m [90m21 ms - 78[39m
[35m[HTTP][39m [90m[39m
[35m[HTTP][39m [37m-->[39m [37mPOST[39m [37m/wd/hub/session/45658f56-20a4-4092-b074-80f603f00e0a/element/c493ea89-db9c-4bcc-bb08-ea4ec8fd0a8b/clear[39m
[35m[HTTP][39m [90m{"id":"c493ea89-db9c-4bcc-bb08-ea4ec8fd0a8b"}[39m
[35m[HTTP][39m [37m<-- POST /wd/hub/session/45658f56-20a4-4092-b074-80f603f00e0a/element/c493ea89-db9c-4bcc-bb08-ea4ec8fd0a8b/clear [39m[32m200[39m [90m28 ms - 14[39m
[35m[HTTP][39m [90m[39m
[35m[HTTP][39m [37m-->[39m [37mPOST[39m [37m/wd/hub/session/45658f56-20a4-4092-b074-80f603f00e0a/element/c493ea89-db9c-4bcc-bb08-ea4ec8fd0a8b/value[39m
[35m[HTTP][39m [90m{"id":"c493ea89-db9c-4bcc-bb08-ea4ec8fd0a8b","text":"50000","value":["5","0","0","0","0"]}[39m
[35m[HTTP][39m [37m<-- POST /wd/hub/session/45658f56-20a4-4092-b074-80f603f00e0a/element/c493ea89-db9c-4bcc-bb08-ea4ec8fd0a8b/value [39m[32m200[39m [90m1035 ms - 14[39m
[35m[HTTP][39m [90m[39m
[35m[HTTP][39m [37m-->[39m [37mGET[39m [37m/wd/hub/session/45658f56-20a4-4092-b074-80f603f00e0a/source[39m
[35m[HTTP][39m [90m{}[39m
[35m[W3C (45658f56)][39m Driver proxy active, passing request on via HTTP proxy
[35m[WD Proxy][39m Replacing sessionId 94129f15-5139-4e91-bd89-c57e2b9ea32d with 45658f56-20a4-4092-b074-80f603f00e0a
[35m[HTTP][39m [37m<-- GET /wd/hub/session/45658f56-20a4-4092-b074-80f603f00e0a/source [39m[32m200[39m [90m43 ms - 4355[39m
[35m[HTTP][39m [90m[39m
[35m[HTTP][39m [37m-->[39m [37mGET[39m [37m/wd/hub/session/45658f56-20a4-4092-b074-80f603f00e0a/screenshot[39m
[35m[HTTP][39m [90m{}[39m
[35m[HTTP][39m [37m<-- GET /wd/hub/session/45658f56-20a4-4092-b074-80f603f00e0a/screenshot [39m[32m200[39m [90m423 ms - 175586[39m
[35m[HTTP][39m [90m[39m
[35m[HTTP][39m [37m-->[39m [37mPOST[39m [37m/wd/hub/session/45658f56-20a4-4092-b074-80f603f00e0a/elements[39m
[35m[HTTP][39m [90m{"using":"id","value":"com.example.mikebanks.bankscorpfinancial:id/btn_add_payee"}[39m
[35m[HTTP][39m [37m<-- POST /wd/hub/session/45658f56-20a4-4092-b074-80f603f00e0a/elements [39m[32m200[39m [90m25 ms - 139[39m
[35m[HTTP][39m [90m[39m
[35m[HTTP][39m [37m-->[39m [37mGET[39m [37m/wd/hub/session/45658f56-20a4-4092-b074-80f603f00e0a/window/rect[39m
[35m[HTTP][39m [90m{}[39m
[35m[HTTP][39m [37m<-- GET /wd/hub/session/45658f56-20a4-4092-b074-80f603f00e0a/window/rect [39m[32m200[39m [90m13 ms - 50[39m
[35m[HTTP][39m [90m[39m
[35m[HTTP][39m [37m-->[39m [37mPOST[39m [37m/wd/hub/session/45658f56-20a4-4092-b074-80f603f00e0a/elements[39m
[35m[HTTP][39m [90m{"using":"id","value":"com.example.mikebanks.bankscorpfinancial:id/btn_add_payee"}[39m
[35m[HTTP][39m [37m<-- POST /wd/hub/session/45658f56-20a4-4092-b074-80f603f00e0a/elements [39m[32m200[39m [90m26 ms - 139[39m
[35m[HTTP][39m [90m[39m
[35m[HTTP][39m [37m-->[39m [37mGET[39m [37m/wd/hub/session/45658f56-20a4-4092-b074-80f603f00e0a/element/4df4ad33-f9da-4e99-a13a-5500fae72b45/location[39m
[35m[HTTP][39m [90m{}[39m
[35m[W3C (45658f56)][39m Driver proxy active, passing request on via HTTP proxy
[35m[WD Proxy][39m Replacing sessionId 94129f15-5139-4e91-bd89-c57e2b9ea32d with 45658f56-20a4-4092-b074-80f603f00e0a
[35m[HTTP][39m [37m<-- GET /wd/hub/session/45658f56-20a4-4092-b074-80f603f00e0a/element/4df4ad33-f9da-4e99-a13a-5500fae72b45/location [39m[32m200[39m [90m63 ms - 78[39m
[35m[HTTP][39m [90m[39m
[35m[HTTP][39m [37m-->[39m [37mPOST[39m [37m/wd/hub/session/45658f56-20a4-4092-b074-80f603f00e0a/touch/perform[39m
[35m[HTTP][39m [90m{"actions":[{"action":"tap","options":{"x":1,"y":1,"element":"4df4ad33-f9da-4e99-a13a-5500fae72b45"}}]}[39m
[35m[UiAutomator2][39m calling get location: 4df4ad33-f9da-4e99-a13a-5500fae72b45
[35m[HTTP][39m [37m<-- POST /wd/hub/session/45658f56-20a4-4092-b074-80f603f00e0a/touch/perform [39m[32m200[39m [90m197 ms - 14[39m
[35m[HTTP][39m [90m[39m
[35m[HTTP][39m [37m-->[39m [37mGET[39m [37m/wd/hub/session/45658f56-20a4-4092-b074-80f603f00e0a/source[39m
[35m[HTTP][39m [90m{}[39m
[35m[W3C (45658f56)][39m Driver proxy active, passing request on via HTTP proxy
[35m[WD Proxy][39m Replacing sessionId 94129f15-5139-4e91-bd89-c57e2b9ea32d with 45658f56-20a4-4092-b074-80f603f00e0a
[35m[HTTP][39m [37m<-- GET /wd/hub/session/45658f56-20a4-4092-b074-80f603f00e0a/source [39m[32m200[39m [90m608 ms - 13650[39m
[35m[HTTP][39m [90m[39m
[35m[HTTP][39m [37m-->[39m [37mGET[39m [37m/wd/hub/session/45658f56-20a4-4092-b074-80f603f00e0a/screenshot[39m
[35m[HTTP][39m [90m{}[39m
[35m[HTTP][39m [37m<-- GET /wd/hub/session/45658f56-20a4-4092-b074-80f603f00e0a/screenshot [39m[32m200[39m [90m463 ms - 141054[39m
[35m[HTTP][39m [90m[39m
[35m[HTTP][39m [37m-->[39m [37mDELETE[39m [37m/wd/hub/session/45658f56-20a4-4092-b074-80f603f00e0a[39m
[35m[HTTP][39m [90m{}[39m
[35m[Appium][39m Removing session 45658f56-20a4-4092-b074-80f603f00e0a from our master session list
[35m[UiAutomator2][39m Restoring hidden api policy to the device default configuration
[35m[HTTP][39m [37m<-- DELETE /wd/hub/session/45658f56-20a4-4092-b074-80f603f00e0a [39m[32m200[39m [90m916 ms - 14[39m
[35m[HTTP][39m [90m[39m
